information QA1004: blank or 'noise' <remarks> tag ignored for member: "P:rocketsoftware.MVSP.Pick.errorMsgBox"
information QA1004: blank or 'noise' <param> tag ignored for member: "M:rocketsoftware.MVSP.Pick.MvSub(System.String,System.Int32)"
information QA1004: blank or 'noise' <param> tag ignored for member: "M:rocketsoftware.MVSP.Pick.MvSub(System.String,System.Int32)"
information QA1004: blank or 'noise' <returns> tag ignored for member: "M:rocketsoftware.MVSP.Pick.MvSub(System.String,System.Int32)"
information QA1004: blank or 'noise' <param> tag ignored for member: "M:rocketsoftware.MVSP.Pick.FileRoot(System.String,System.String)"
information QA1004: blank or 'noise' <param> tag ignored for member: "M:rocketsoftware.MVSP.Pick.FileRoot(System.String,System.String)"
information QA1004: blank or 'noise' <remarks> tag ignored for member: "M:rocketsoftware.MVSP.Pick.clearselect"
information QA1004: blank or 'noise' <param> tag ignored for member: "M:rocketsoftware.MVSP.Pick.mvSubroutine.SetArgs(System.Int32,System.String)"
information QA1004: blank or 'noise' <param> tag ignored for member: "M:rocketsoftware.MVSP.Pick.mvSubroutine.SetArgs(System.Int32,System.String)"
information QA1004: blank or 'noise' <param> tag ignored for member: "M:rocketsoftware.MVSP.Pick.mvSubroutine.GetArgs(System.Int32)"
information QA1004: blank or 'noise' <returns> tag ignored for member: "M:rocketsoftware.MVSP.Pick.mvSubroutine.GetArgs(System.Int32)"
information QA1004: blank or 'noise' <value> tag ignored for member: "P:rocketsoftware.MVSP.Pick.mvSubroutine.GetName"
information QA1004: blank or 'noise' <remarks> tag ignored for member: "P:rocketsoftware.MVSP.Pick.mvSubroutine.GetName"
information QA1004: blank or 'noise' <remarks> tag ignored for member: "T:rocketsoftware.MVSP.Pick.mvSubroutine"
information QA1004: blank or 'noise' <param> tag ignored for member: "M:rocketsoftware.MVSP.Pick.mvIndex.FileKey(System.Char)"
information QA1004: blank or 'noise' <returns> tag ignored for member: "M:rocketsoftware.MVSP.Functions.Field(System.String,System.String,System.Int32)"
information QA1004: blank or 'noise' <param> tag ignored for member: "M:rocketsoftware.MVSP.Functions.Insert(System.String,System.Int32,System.String)"
information QA1004: blank or 'noise' <param> tag ignored for member: "M:rocketsoftware.MVSP.Functions.Insert(System.String,System.Int32,System.String)"
information QA1004: blank or 'noise' <param> tag ignored for member: "M:rocketsoftware.MVSP.Functions.Insert(System.String,System.Int32,System.String)"
information QA1004: blank or 'noise' <param> tag ignored for member: "M:rocketsoftware.MVSP.Functions.Insert(System.String,System.Int32,System.Int32,System.String)"
information QA1004: blank or 'noise' <param> tag ignored for member: "M:rocketsoftware.MVSP.Functions.Insert(System.String,System.Int32,System.Int32,System.String)"
information QA1004: blank or 'noise' <param> tag ignored for member: "M:rocketsoftware.MVSP.Functions.Insert(System.String,System.Int32,System.Int32,System.String)"
information QA1004: blank or 'noise' <param> tag ignored for member: "M:rocketsoftware.MVSP.Functions.Insert(System.String,System.Int32,System.Int32,System.String)"
information QA1004: blank or 'noise' <param> tag ignored for member: "M:rocketsoftware.MVSP.Functions.Insert(System.String,System.Int32,System.Int32,System.Int32,System.String)"
information QA1004: blank or 'noise' <param> tag ignored for member: "M:rocketsoftware.MVSP.Functions.Insert(System.String,System.Int32,System.Int32,System.Int32,System.String)"
information QA1004: blank or 'noise' <param> tag ignored for member: "M:rocketsoftware.MVSP.Functions.Insert(System.String,System.Int32,System.Int32,System.Int32,System.String)"
information QA1004: blank or 'noise' <param> tag ignored for member: "M:rocketsoftware.MVSP.Functions.Insert(System.String,System.Int32,System.Int32,System.Int32,System.String)"
information QA1004: blank or 'noise' <param> tag ignored for member: "M:rocketsoftware.MVSP.Functions.Insert(System.String,System.Int32,System.Int32,System.Int32,System.String)"
information QA1004: blank or 'noise' <param> tag ignored for member: "M:rocketsoftware.MVSP.Functions.Replace(System.String,System.Int32,System.String)"
information QA1004: blank or 'noise' <param> tag ignored for member: "M:rocketsoftware.MVSP.Functions.Replace(System.String,System.Int32,System.String)"
information QA1004: blank or 'noise' <param> tag ignored for member: "M:rocketsoftware.MVSP.Functions.Replace(System.String,System.Int32,System.String)"
information QA1004: blank or 'noise' <param> tag ignored for member: "M:rocketsoftware.MVSP.Functions.Replace(System.String,System.Int32,System.Int32,System.String)"
information QA1004: blank or 'noise' <param> tag ignored for member: "M:rocketsoftware.MVSP.Functions.Replace(System.String,System.Int32,System.Int32,System.String)"
information QA1004: blank or 'noise' <param> tag ignored for member: "M:rocketsoftware.MVSP.Functions.Replace(System.String,System.Int32,System.Int32,System.String)"
information QA1004: blank or 'noise' <param> tag ignored for member: "M:rocketsoftware.MVSP.Functions.Replace(System.String,System.Int32,System.Int32,System.String)"
information QA1004: blank or 'noise' <param> tag ignored for member: "M:rocketsoftware.MVSP.Functions.Replace(System.String,System.Int32,System.Int32,System.Int32,System.String)"
information QA1004: blank or 'noise' <param> tag ignored for member: "M:rocketsoftware.MVSP.Functions.Replace(System.String,System.Int32,System.Int32,System.Int32,System.String)"
information QA1004: blank or 'noise' <param> tag ignored for member: "M:rocketsoftware.MVSP.Functions.Replace(System.String,System.Int32,System.Int32,System.Int32,System.String)"
information QA1004: blank or 'noise' <param> tag ignored for member: "M:rocketsoftware.MVSP.Functions.Replace(System.String,System.Int32,System.Int32,System.Int32,System.String)"
information QA1004: blank or 'noise' <param> tag ignored for member: "M:rocketsoftware.MVSP.Functions.Replace(System.String,System.Int32,System.Int32,System.Int32,System.String)"
information QA1004: blank or 'noise' <remarks> tag ignored for member: "T:rocketsoftware.MVSP.Functions"
information QA1004: blank or 'noise' <value> tag ignored for member: "P:rocketsoftware.MVSP.Pick.eol"
information QA1004: blank or 'noise' <remarks> tag ignored for member: "P:rocketsoftware.MVSP.Pick.eol"
